Unity Editor version:    2022.1.14f1c1 (5d4af5268446)
Branch:                  2022.1/china_unity/release
Build type:              Release
Batch mode:              YES
macOS version:           Version 12.3.1 (Build 21E258)
Darwin version:          21.4.0
Architecture:            x86_64
Running under Rosetta:   NO
Available memory:        16384 MB
Using pre-set license
Pro License: YES

COMMAND LINE ARGUMENTS:
/Applications/Unity/Unity.app/Contents/MacOS/Unity
-adb2
-batchMode
-noUpm
-name
AssetImportWorker0
-projectPath
/Users/xiaoqi/Downloads/Snake
-logFile
Logs/AssetImportWorker0.log
-srvPort
54457
Successfully changed project path to: /Users/xiaoqi/Downloads/Snake
/Users/xiaoqi/Downloads/Snake
[UnityMemory] Configuration Parameters - Can be set up in boot.config
    "memorysetup-bucket-allocator-granularity=16"
    "memorysetup-bucket-allocator-bucket-count=8"
    "memorysetup-bucket-allocator-block-size=33554432"
    "memorysetup-bucket-allocator-block-count=8"
    "memorysetup-main-allocator-block-size=16777216"
    "memorysetup-thread-allocator-block-size=16777216"
    "memorysetup-gfx-main-allocator-block-size=16777216"
    "memorysetup-gfx-thread-allocator-block-size=16777216"
    "memorysetup-cache-allocator-block-size=4194304"
    "memorysetup-typetree-allocator-block-size=2097152"
    "memorysetup-profiler-bucket-allocator-granularity=16"
    "memorysetup-profiler-bucket-allocator-bucket-count=8"
    "memorysetup-profiler-bucket-allocator-block-size=33554432"
    "memorysetup-profiler-bucket-allocator-block-count=8"
    "memorysetup-profiler-allocator-block-size=16777216"
    "memorysetup-profiler-editor-allocator-block-size=1048576"
    "memorysetup-temp-allocator-size-main=16777216"
    "memorysetup-job-temp-allocator-block-size=2097152"
    "memorysetup-job-temp-allocator-block-size-background=1048576"
    "memorysetup-job-temp-allocator-reduction-small-platforms=262144"
    "memorysetup-temp-allocator-size-background-worker=32768"
    "memorysetup-temp-allocator-size-job-worker=262144"
    "memorysetup-temp-allocator-size-preload-manager=33554432"
    "memorysetup-temp-allocator-size-nav-mesh-worker=65536"
    "memorysetup-temp-allocator-size-audio-worker=65536"
    "memorysetup-temp-allocator-size-cloud-worker=32768"
    "memorysetup-temp-allocator-size-gi-baking-worker=262144"
    "memorysetup-temp-allocator-size-gfx=262144"
Refreshing native plugins compatible for Editor in 61.88 ms, found 2 plugins.
Preloading 0 native plugins for Editor in 0.00 ms.
Initialize engine version: 2022.1.14f1c1 (5d4af5268446)
[Subsystems] Discovering subsystems at path /Applications/Unity/Unity.app/Contents/Resources/UnitySubsystems
[Subsystems] Discovering subsystems at path /Users/xiaoqi/Downloads/Snake/Assets
GfxDevice: creating device client; threaded=0; jobified=0
Color LCD preferred device: AMD Radeon Pro 5300M (high power)
Metal devices available: 2
0: AMD Radeon Pro 5300M (high power)
1: Intel(R) UHD Graphics 630 (low power)
Using device AMD Radeon Pro 5300M (high power)
Initializing Metal device caps: AMD Radeon Pro 5300M
Initialize mono
Mono path[0] = '/Applications/Unity/Unity.app/Contents/Managed'
Mono path[1] = '/Applications/Unity/Unity.app/Contents/MonoBleedingEdge/lib/mono/unityjit-macos'
Mono config path = '/Applications/Unity/Unity.app/Contents/MonoBleedingEdge/etc'
Using monoOptions --debugger-agent=transport=dt_socket,embedding=1,server=y,suspend=n,address=127.0.0.1:56870
Begin MonoManager ReloadAssembly
Registering precompiled unity dll's ...
Register platform support module: /Applications/Unity/Unity.app/Contents/PlaybackEngines/MacStandaloneSupport/UnityEditor.OSXStandalone.Extensions.dll
Register platform support module: /Applications/Unity/PlaybackEngines/iOSSupport/UnityEditor.iOS.Extensions.dll
Registered in 0.003226 seconds.
[usbmuxd] Start listen thread
[usbmuxd] Listen thread started
[usbmuxd] Send listen message
Native extension for iOS target not found
Native extension for OSXStandalone target not found
Refreshing native plugins compatible for Editor in 53.88 ms, found 2 plugins.
Preloading 0 native plugins for Editor in 0.00 ms.
Mono: successfully reloaded assembly
- Completed reload, in  1.124 seconds
Domain Reload Profiling:
	ReloadAssembly (1124ms)
		BeginReloadAssembly (146ms)
			ExecutionOrderSort (0ms)
			DisableScriptedObjects (0ms)
			BackupInstance (0ms)
			ReleaseScriptingObjects (0ms)
			CreateAndSetChildDomain (1ms)
		EndReloadAssembly (801ms)
			LoadAssemblies (147ms)
			RebuildTransferFunctionScriptingTraits (0ms)
			SetupTypeCache (202ms)
				TypeCache.Initialize (201ms)
					TypeCache.ScanAssembly (200ms)
				ResolveRequiredComponents (1ms)
			ReleaseScriptCaches (0ms)
			RebuildScriptCaches (51ms)
			SetupLoadedEditorAssemblies (469ms)
				LogAssemblyErrors (0ms)
				InitializePlatformSupportModulesInManaged (122ms)
				SetLoadedEditorAssemblies (11ms)
				RefreshPlugins (54ms)
				BeforeProcessingInitializeOnLoad (2ms)
				ProcessInitializeOnLoadAttributes (213ms)
				ProcessInitializeOnLoadMethodAttributes (68ms)
				AfterProcessingInitializeOnLoad (0ms)
				EditorAssembliesLoaded (0ms)
			ExecutionOrderSort2 (0ms)
			AwakeInstancesAfterBackupRestoration (0ms)
Platform modules already initialized, skipping
Registering precompiled user dll's ...
Registered in 0.002237 seconds.
Begin MonoManager ReloadAssembly
Native extension for iOS target not found
Native extension for OSXStandalone target not found
Refreshing native plugins compatible for Editor in 0.73 ms, found 2 plugins.
Preloading 0 native plugins for Editor in 0.00 ms.
Package Manager log level set to [2]
[Package Manager] Server::EnsureServerProcessIsRunning -- launch failed, reason: Unity was launched with the -noUpm command-line argument
[Package Manager] UpmClient::Send -- Unable to send message (not connected to UPM process).
[Package Manager] Cannot connect to Unity Package Manager local server
Mono: successfully reloaded assembly
- Completed reload, in  1.446 seconds
Domain Reload Profiling:
	ReloadAssembly (1447ms)
		BeginReloadAssembly (134ms)
			ExecutionOrderSort (0ms)
			DisableScriptedObjects (8ms)
			BackupInstance (0ms)
			ReleaseScriptingObjects (0ms)
			CreateAndSetChildDomain (28ms)
		EndReloadAssembly (1156ms)
			LoadAssemblies (115ms)
			RebuildTransferFunctionScriptingTraits (0ms)
			SetupTypeCache (289ms)
				TypeCache.Initialize (285ms)
					TypeCache.ScanAssembly (282ms)
				ResolveRequiredComponents (4ms)
			ReleaseScriptCaches (0ms)
			RebuildScriptCaches (71ms)
			SetupLoadedEditorAssemblies (604ms)
				LogAssemblyErrors (0ms)
				InitializePlatformSupportModulesInManaged (29ms)
				SetLoadedEditorAssemblies (8ms)
				RefreshPlugins (1ms)
				BeforeProcessingInitializeOnLoad (74ms)
				ProcessInitializeOnLoadAttributes (309ms)
				ProcessInitializeOnLoadMethodAttributes (183ms)
				AfterProcessingInitializeOnLoad (1ms)
				EditorAssembliesLoaded (0ms)
			ExecutionOrderSort2 (0ms)
			AwakeInstancesAfterBackupRestoration (5ms)
Platform modules already initialized, skipping
========================================================================
Worker process is ready to serve import requests
Launching external process: /Applications/Unity/Unity.app/Contents/Tools/UnityShaderCompiler
Launched and connected shader compiler UnityShaderCompiler after 0.09 seconds
Refreshing native plugins compatible for Editor in 0.67 ms, found 2 plugins.
Preloading 0 native plugins for Editor in 0.00 ms.
Unloading 2375 Unused Serialized files (Serialized files now loaded: 0)
Unloading 53 unused Assets / (46.5 KB). Loaded Objects now: 2818.
Memory consumption went from 475.8 MB to 475.7 MB.
Total: 9.930085 ms (FindLiveObjects: 0.249782 ms CreateObjectMapping: 0.252886 ms MarkObjects: 9.318700 ms  DeleteObjects: 0.107381 ms)

AssetImportParameters requested are different than current active one (requested -> active):
  custom:video-decoder-ogg-theora: a1e56fd34408186e4bbccfd4996cb3dc -> 
  custom:container-muxer-webm: aa71ff27fc2769a1b78a27578f13a17b -> 
  custom:container-demuxer-webm: 4f35f7cbe854078d1ac9338744f61a02 -> 
  custom:video-encoder-webm-vp8: eb34c28f22e8b96e1ab97ce403110664 -> 
  custom:framework-osx-AVFoundation: e770b220cccbd017edd2c1fefb359320 -> 
  custom:audio-encoder-webm-vorbis: bf7c407c2cedff20999df2af8eb42d56 -> 
  custom:container-demuxer-ogg: 62fdf1f143b41e24485cea50d1cbac27 -> 
  custom:video-decoder-webm-vp8: 9c59270c3fd7afecdb556c50c9e8de78 -> 
  custom:audio-decoder-ogg-vorbis: bf7c407c2cedff20999df2af8eb42d56 -> 
========================================================================
Received Import Request.
  Time since last request: 97246.304895 seconds.
  path: Assets/Effects/ExpMat.mat
  artifactKey: Guid(0ac345abdfb32c64dbc7a9afc3b0eab0) Importer(815301076,1909f56bfc062723c751e8b465ee728b)
Start importing Assets/Effects/ExpMat.mat using Guid(0ac345abdfb32c64dbc7a9afc3b0eab0) Importer(815301076,1909f56bfc062723c751e8b465ee728b)  -> (artifact id: '0119e21e81f11899a07c657400517879') in 1.619611 seconds 
========================================================================
Received Import Request.
  Time since last request: 0.000921 seconds.
  path: Assets/Prefabs/Food.prefab
  artifactKey: Guid(9e314a5a67a4fbd48a0467f3a3ee37a2) Importer(815301076,1909f56bfc062723c751e8b465ee728b)
Start importing Assets/Prefabs/Food.prefab using Guid(9e314a5a67a4fbd48a0467f3a3ee37a2) Importer(815301076,1909f56bfc062723c751e8b465ee728b)  -> (artifact id: 'f53e3a8567434c62dc2e52edaf11f99e') in 0.126468 seconds 
========================================================================
Received Import Request.
  Time since last request: 0.000068 seconds.
  path: Assets/Prefabs/SnakeBody.prefab
  artifactKey: Guid(da5eca1558c3c4e40b1f0da60ce585dd) Importer(815301076,1909f56bfc062723c751e8b465ee728b)
Start importing Assets/Prefabs/SnakeBody.prefab using Guid(da5eca1558c3c4e40b1f0da60ce585dd) Importer(815301076,1909f56bfc062723c751e8b465ee728b)  -> (artifact id: '4c414b1410ac9e131b625ab3f102a9e6') in 0.004213 seconds 
========================================================================
Received Import Request.
  Time since last request: 0.115225 seconds.
  path: Assets/Resources/sb0101.png
  artifactKey: Guid(16a403b0f0681f4498210ee921739933) Importer(815301076,1909f56bfc062723c751e8b465ee728b)
Start importing Assets/Resources/sb0101.png using Guid(16a403b0f0681f4498210ee921739933) Importer(815301076,1909f56bfc062723c751e8b465ee728b)  -> (artifact id: '442455a9c44c72070315b1e3c28b549c') in 3.540266 seconds 
========================================================================
Received Import Request.
  Time since last request: 0.000237 seconds.
  path: Assets/Resources/sb0202.png
  artifactKey: Guid(0ce58dd12fa36cd45bcbee0408ea0eea) Importer(815301076,1909f56bfc062723c751e8b465ee728b)
Start importing Assets/Resources/sb0202.png using Guid(0ce58dd12fa36cd45bcbee0408ea0eea) Importer(815301076,1909f56bfc062723c751e8b465ee728b)  -> (artifact id: '1291c8944fbbfb1b0b3f91220e0d5e44') in 0.014538 seconds 
========================================================================
Received Import Request.
  Time since last request: 0.000144 seconds.
  path: Assets/Resources/sb0102.png
  artifactKey: Guid(8a20c2f7992d84f4295d036ce39fb637) Importer(815301076,1909f56bfc062723c751e8b465ee728b)
Start importing Assets/Resources/sb0102.png using Guid(8a20c2f7992d84f4295d036ce39fb637) Importer(815301076,1909f56bfc062723c751e8b465ee728b)  -> (artifact id: '61e28a4005b1ec36f7453e602c4efd17') in 0.012515 seconds 
========================================================================
Received Import Request.
  Time since last request: 0.465099 seconds.
  path: Assets/Sprites/Background/BgPart.png
  artifactKey: Guid(44986da150c23474bb0915107f0abe7c) Importer(815301076,1909f56bfc062723c751e8b465ee728b)
Start importing Assets/Sprites/Background/BgPart.png using Guid(44986da150c23474bb0915107f0abe7c) Importer(815301076,1909f56bfc062723c751e8b465ee728b)  -> (artifact id: '602860f5e49a76c505c399270942c511') in 0.011368 seconds 
========================================================================
Received Import Request.
  Time since last request: 6.213574 seconds.
  path: Assets/Sprites/Icon/Food/icecream-02.png
  artifactKey: Guid(a30bab4c2a053bb4294d833cbf4bde9d) Importer(815301076,1909f56bfc062723c751e8b465ee728b)
Start importing Assets/Sprites/Icon/Food/icecream-02.png using Guid(a30bab4c2a053bb4294d833cbf4bde9d) Importer(815301076,1909f56bfc062723c751e8b465ee728b)  -> (artifact id: '2b674d8e183fde43fc77408a918eb2cf') in 0.018830 seconds 
========================================================================
Received Import Request.
  Time since last request: 0.000094 seconds.
  path: Assets/Sprites/Icon/Food/icecream-06.png
  artifactKey: Guid(5f906cacfe394ec4a8a19478f5afb761) Importer(815301076,1909f56bfc062723c751e8b465ee728b)
Start importing Assets/Sprites/Icon/Food/icecream-06.png using Guid(5f906cacfe394ec4a8a19478f5afb761) Importer(815301076,1909f56bfc062723c751e8b465ee728b)  -> (artifact id: 'ee8aa447ff5ac08f30b037a963b89857') in 0.018121 seconds 
========================================================================
Received Import Request.
  Time since last request: 0.000107 seconds.
  path: Assets/Sprites/Icon/Food/icecream-10.png
  artifactKey: Guid(ace38bde08d28784eb2bce284c1e97d3) Importer(815301076,1909f56bfc062723c751e8b465ee728b)
Start importing Assets/Sprites/Icon/Food/icecream-10.png using Guid(ace38bde08d28784eb2bce284c1e97d3) Importer(815301076,1909f56bfc062723c751e8b465ee728b)  -> (artifact id: '62711d361b2597c636a34ab615e36206') in 0.019009 seconds 
========================================================================
Received Import Request.
  Time since last request: 2.987619 seconds.
  path: Assets/Sprites/UI/Home.png
  artifactKey: Guid(a8599203fa305e14a89171f6dbd4e305) Importer(815301076,1909f56bfc062723c751e8b465ee728b)
Start importing Assets/Sprites/UI/Home.png using Guid(a8599203fa305e14a89171f6dbd4e305) Importer(815301076,1909f56bfc062723c751e8b465ee728b)  -> (artifact id: '6045d47ac6eb3f7e54a163fb7c126535') in 0.022921 seconds 
Editor requested this worker to shutdown with reason: Scaling down because of idle timeout
AssetImportWorker is now disconnected from the server
Process exiting
